This is pdfTeX, Version 3.1415926-2.4-1.40.13 (TeX Live 2012) (format=pdflatex 2012.8.8)  9 NOV 2012 15:17
entering extended mode
 \write18 enabled.
 %&-line parsing enabled.
**pictureplot.tex
(./pictureplot.tex
LaTeX2e <2011/06/27>
Babel <v3.8m> and hyphenation patterns for english, dumylang, nohyphenation, ge
rman-x-2012-05-30, ngerman-x-2012-05-30, afrikaans, ancientgreek, ibycus, arabi
c, armenian, basque, bulgarian, catalan, pinyin, coptic, croatian, czech, danis
h, dutch, ukenglish, usenglishmax, esperanto, estonian, ethiopic, farsi, finnis
h, french, friulan, galician, german, ngerman, swissgerman, monogreek, greek, h
ungarian, icelandic, assamese, bengali, gujarati, hindi, kannada, malayalam, ma
rathi, oriya, panjabi, tamil, telugu, indonesian, interlingua, irish, italian, 
kurmanji, latin, latvian, lithuanian, mongolian, mongolianlmc, bokmal, nynorsk,
 polish, portuguese, romanian, romansh, russian, sanskrit, serbian, serbianc, s
lovak, slovenian, spanish, swedish, turkish, turkmen, ukrainian, uppersorbian, 
welsh, loaded.
(/usr/local/texlive/2012/texmf-dist/tex/latex/base/article.cls
Document Class: article 2007/10/19 v1.4h Standard LaTeX document class
(/usr/local/texlive/2012/texmf-dist/tex/latex/base/size10.clo
File: size10.clo 2007/10/19 v1.4h Standard LaTeX file (size option)
)
\c@part=\count79
\c@section=\count80
\c@subsection=\count81
\c@subsubsection=\count82
\c@paragraph=\count83
\c@subparagraph=\count84
\c@figure=\count85
\c@table=\count86
\abovecaptionskip=\skip41
\belowcaptionskip=\skip42
\bibindent=\dimen102
)
(/usr/local/texlive/2012/texmf-dist/tex/latex/preview/preview.sty
Package: preview 2010/02/14 11.86 (AUCTeX/preview-latex)

(/usr/local/texlive/2012/texmf-dist/tex/latex/preview/prtightpage.def
\PreviewBorder=\dimen103
)
\pr@snippet=\count87
\pr@box=\box26
\pr@output=\toks14
)
(/Users/tvincent/Library/texmf/tex/latex/pgfCVS2009-06-02_TDS/tex/latex/pgf/fro
ntendlayer/tikz.sty
(/Users/tvincent/Library/texmf/tex/latex/pgfCVS2009-06-02_TDS/tex/latex/pgf/bas
iclayer/pgf.sty
(/Users/tvincent/Library/texmf/tex/latex/pgfCVS2009-06-02_TDS/tex/latex/pgf/uti
lities/pgfrcs.sty
(/Users/tvincent/Library/texmf/tex/latex/pgfCVS2009-06-02_TDS/tex/generic/pgf/u
tilities/pgfutil-common.tex
\pgfutil@everybye=\toks15
)
(/Users/tvincent/Library/texmf/tex/latex/pgfCVS2009-06-02_TDS/tex/generic/pgf/u
tilities/pgfutil-latex.def
\pgfutil@abb=\box27

(/usr/local/texlive/2012/texmf-dist/tex/latex/ms/everyshi.sty
Package: everyshi 2001/05/15 v3.00 EveryShipout Package (MS)
))
(/Users/tvincent/Library/texmf/tex/latex/pgfCVS2009-06-02_TDS/tex/generic/pgf/u
tilities/pgfrcs.code.tex
Package: pgfrcs 2008/05/19 v2.00-cvs (rcs-revision 1.22)
))
Package: pgf 2008/01/15 v2.00-cvs (rcs-revision 1.12)

(/Users/tvincent/Library/texmf/tex/latex/pgfCVS2009-06-02_TDS/tex/latex/pgf/bas
iclayer/pgfcore.sty
(/usr/local/texlive/2012/texmf-dist/tex/latex/graphics/graphicx.sty
Package: graphicx 1999/02/16 v1.0f Enhanced LaTeX Graphics (DPC,SPQR)

(/usr/local/texlive/2012/texmf-dist/tex/latex/graphics/keyval.sty
Package: keyval 1999/03/16 v1.13 key=value parser (DPC)
\KV@toks@=\toks16
)
(/usr/local/texlive/2012/texmf-dist/tex/latex/graphics/graphics.sty
Package: graphics 2009/02/05 v1.0o Standard LaTeX Graphics (DPC,SPQR)

(/usr/local/texlive/2012/texmf-dist/tex/latex/graphics/trig.sty
Package: trig 1999/03/16 v1.09 sin cos tan (DPC)
)
(/usr/local/texlive/2012/texmf-dist/tex/latex/latexconfig/graphics.cfg
File: graphics.cfg 2010/04/23 v1.9 graphics configuration of TeX Live
)
Package graphics Info: Driver file: pdftex.def on input line 91.

(/usr/local/texlive/2012/texmf-dist/tex/latex/pdftex-def/pdftex.def
File: pdftex.def 2011/05/27 v0.06d Graphics/color for pdfTeX

(/usr/local/texlive/2012/texmf-dist/tex/generic/oberdiek/infwarerr.sty
Package: infwarerr 2010/04/08 v1.3 Providing info/warning/error messages (HO)
)
(/usr/local/texlive/2012/texmf-dist/tex/generic/oberdiek/ltxcmds.sty
Package: ltxcmds 2011/11/09 v1.22 LaTeX kernel commands for general use (HO)
)
\Gread@gobject=\count88
))
\Gin@req@height=\dimen104
\Gin@req@width=\dimen105
)
(/Users/tvincent/Library/texmf/tex/latex/pgfCVS2009-06-02_TDS/tex/latex/pgf/sys
temlayer/pgfsys.sty
(/Users/tvincent/Library/texmf/tex/latex/pgfCVS2009-06-02_TDS/tex/generic/pgf/s
ystemlayer/pgfsys.code.tex
Package: pgfsys 2009/03/20 v2.00-cvs (rcs-revision 1.34)

(/Users/tvincent/Library/texmf/tex/latex/pgfCVS2009-06-02_TDS/tex/generic/pgf/u
tilities/pgfkeys.code.tex
\pgfkeys@pathtoks=\toks17
\pgfkeys@temptoks=\toks18

(/Users/tvincent/Library/texmf/tex/latex/pgfCVS2009-06-02_TDS/tex/generic/pgf/u
tilities/pgfkeysfiltered.code.tex
\pgfkeys@tmptoks=\toks19
))
\pgf@x=\dimen106
\pgf@y=\dimen107
\pgf@xa=\dimen108
\pgf@ya=\dimen109
\pgf@xb=\dimen110
\pgf@yb=\dimen111
\pgf@xc=\dimen112
\pgf@yc=\dimen113
\w@pgf@writea=\write3
\c@pgf@counta=\count89
\c@pgf@countb=\count90
\c@pgf@countc=\count91
\c@pgf@countd=\count92

(/Users/tvincent/Library/texmf/tex/latex/pgfCVS2009-06-02_TDS/tex/generic/pgf/s
ystemlayer/pgf.cfg
File: pgf.cfg 2008/05/14  (rcs-revision 1.7)
)
Package pgfsys Info: Driver file for pgf: pgfsys-pdftex.def on input line 893.

(/Users/tvincent/Library/texmf/tex/latex/pgfCVS2009-06-02_TDS/tex/generic/pgf/s
ystemlayer/pgfsys-pdftex.def
File: pgfsys-pdftex.def 2009/05/22  (rcs-revision 1.26)

(/Users/tvincent/Library/texmf/tex/latex/pgfCVS2009-06-02_TDS/tex/generic/pgf/s
ystemlayer/pgfsys-common-pdf.def
File: pgfsys-common-pdf.def 2008/05/19  (rcs-revision 1.10)
)))
(/Users/tvincent/Library/texmf/tex/latex/pgfCVS2009-06-02_TDS/tex/generic/pgf/s
ystemlayer/pgfsyssoftpath.code.tex
File: pgfsyssoftpath.code.tex 2008/07/18  (rcs-revision 1.7)
\pgfsyssoftpath@smallbuffer@items=\count93
\pgfsyssoftpath@bigbuffer@items=\count94
)
(/Users/tvincent/Library/texmf/tex/latex/pgfCVS2009-06-02_TDS/tex/generic/pgf/s
ystemlayer/pgfsysprotocol.code.tex
File: pgfsysprotocol.code.tex 2006/10/16  (rcs-revision 1.4)
))
(/usr/local/texlive/2012/texmf-dist/tex/latex/xcolor/xcolor.sty
Package: xcolor 2007/01/21 v2.11 LaTeX color extensions (UK)

(/usr/local/texlive/2012/texmf-dist/tex/latex/latexconfig/color.cfg
File: color.cfg 2007/01/18 v1.5 color configuration of teTeX/TeXLive
)
Package xcolor Info: Driver file: pdftex.def on input line 225.
Package xcolor Info: Model `cmy' substituted by `cmy0' on input line 1337.
Package xcolor Info: Model `hsb' substituted by `rgb' on input line 1341.
Package xcolor Info: Model `RGB' extended on input line 1353.
Package xcolor Info: Model `HTML' substituted by `rgb' on input line 1355.
Package xcolor Info: Model `Hsb' substituted by `hsb' on input line 1356.
Package xcolor Info: Model `tHsb' substituted by `hsb' on input line 1357.
Package xcolor Info: Model `HSB' substituted by `hsb' on input line 1358.
Package xcolor Info: Model `Gray' substituted by `gray' on input line 1359.
Package xcolor Info: Model `wave' substituted by `hsb' on input line 1360.
)
(/Users/tvincent/Library/texmf/tex/latex/pgfCVS2009-06-02_TDS/tex/generic/pgf/b
asiclayer/pgfcore.code.tex
Package: pgfcore 2008/01/15 v2.00-cvs (rcs-revision 1.6)

(/Users/tvincent/Library/texmf/tex/latex/pgfCVS2009-06-02_TDS/tex/generic/pgf/m
ath/pgfmath.code.tex
(/Users/tvincent/Library/texmf/tex/latex/pgfCVS2009-06-02_TDS/tex/generic/pgf/m
ath/pgfmathcalc.code.tex
(/Users/tvincent/Library/texmf/tex/latex/pgfCVS2009-06-02_TDS/tex/generic/pgf/m
ath/pgfmathutil.code.tex)
(/Users/tvincent/Library/texmf/tex/latex/pgfCVS2009-06-02_TDS/tex/generic/pgf/m
ath/pgfmathparser.code.tex
\pgfmath@dimen=\dimen114
\pgfmath@count=\count95
\pgfmath@box=\box28
\pgfmath@toks=\toks20
\pgfmath@stack@operand=\toks21
\pgfmath@stack@operation=\toks22
)
(/Users/tvincent/Library/texmf/tex/latex/pgfCVS2009-06-02_TDS/tex/generic/pgf/m
ath/pgfmathfunctions.code.tex
(/Users/tvincent/Library/texmf/tex/latex/pgfCVS2009-06-02_TDS/tex/generic/pgf/m
ath/pgfmathfunctions.basic.code.tex)
(/Users/tvincent/Library/texmf/tex/latex/pgfCVS2009-06-02_TDS/tex/generic/pgf/m
ath/pgfmathfunctions.trigonometric.code.tex)
(/Users/tvincent/Library/texmf/tex/latex/pgfCVS2009-06-02_TDS/tex/generic/pgf/m
ath/pgfmathfunctions.random.code.tex)
(/Users/tvincent/Library/texmf/tex/latex/pgfCVS2009-06-02_TDS/tex/generic/pgf/m
ath/pgfmathfunctions.comparison.code.tex)
(/Users/tvincent/Library/texmf/tex/latex/pgfCVS2009-06-02_TDS/tex/generic/pgf/m
ath/pgfmathfunctions.base.code.tex)
(/Users/tvincent/Library/texmf/tex/latex/pgfCVS2009-06-02_TDS/tex/generic/pgf/m
ath/pgfmathfunctions.round.code.tex)
(/Users/tvincent/Library/texmf/tex/latex/pgfCVS2009-06-02_TDS/tex/generic/pgf/m
ath/pgfmathfunctions.misc.code.tex)))
(/Users/tvincent/Library/texmf/tex/latex/pgfCVS2009-06-02_TDS/tex/generic/pgf/m
ath/pgfmathfloat.code.tex
\c@pgfmathroundto@lastzeros=\count96
))
(/Users/tvincent/Library/texmf/tex/latex/pgfCVS2009-06-02_TDS/tex/generic/pgf/b
asiclayer/pgfcorepoints.code.tex
File: pgfcorepoints.code.tex 2009/04/18  (rcs-revision 1.19)
\pgf@picminx=\dimen115
\pgf@picmaxx=\dimen116
\pgf@picminy=\dimen117
\pgf@picmaxy=\dimen118
\pgf@pathminx=\dimen119
\pgf@pathmaxx=\dimen120
\pgf@pathminy=\dimen121
\pgf@pathmaxy=\dimen122
\pgf@xx=\dimen123
\pgf@xy=\dimen124
\pgf@yx=\dimen125
\pgf@yy=\dimen126
\pgf@zx=\dimen127
\pgf@zy=\dimen128
)
(/Users/tvincent/Library/texmf/tex/latex/pgfCVS2009-06-02_TDS/tex/generic/pgf/b
asiclayer/pgfcorepathconstruct.code.tex
File: pgfcorepathconstruct.code.tex 2009/01/22  (rcs-revision 1.21)
\pgf@path@lastx=\dimen129
\pgf@path@lasty=\dimen130
)
(/Users/tvincent/Library/texmf/tex/latex/pgfCVS2009-06-02_TDS/tex/generic/pgf/b
asiclayer/pgfcorepathusage.code.tex
File: pgfcorepathusage.code.tex 2008/04/22  (rcs-revision 1.12)
\pgf@shorten@end@additional=\dimen131
\pgf@shorten@start@additional=\dimen132
)
(/Users/tvincent/Library/texmf/tex/latex/pgfCVS2009-06-02_TDS/tex/generic/pgf/b
asiclayer/pgfcorescopes.code.tex
File: pgfcorescopes.code.tex 2009/03/22  (rcs-revision 1.28)
\pgfpic=\box29
\pgf@hbox=\box30
\pgf@layerbox@main=\box31
\pgf@picture@serial@count=\count97
)
(/Users/tvincent/Library/texmf/tex/latex/pgfCVS2009-06-02_TDS/tex/generic/pgf/b
asiclayer/pgfcoregraphicstate.code.tex
File: pgfcoregraphicstate.code.tex 2008/04/22  (rcs-revision 1.9)
\pgflinewidth=\dimen133
)
(/Users/tvincent/Library/texmf/tex/latex/pgfCVS2009-06-02_TDS/tex/generic/pgf/b
asiclayer/pgfcoretransformations.code.tex
File: pgfcoretransformations.code.tex 2008/02/04  (rcs-revision 1.10)
\pgf@pt@x=\dimen134
\pgf@pt@y=\dimen135
\pgf@pt@temp=\dimen136
)
(/Users/tvincent/Library/texmf/tex/latex/pgfCVS2009-06-02_TDS/tex/generic/pgf/b
asiclayer/pgfcorequick.code.tex
File: pgfcorequick.code.tex 2008/10/09  (rcs-revision 1.3)
)
(/Users/tvincent/Library/texmf/tex/latex/pgfCVS2009-06-02_TDS/tex/generic/pgf/b
asiclayer/pgfcoreobjects.code.tex
File: pgfcoreobjects.code.tex 2006/10/11  (rcs-revision 1.2)
)
(/Users/tvincent/Library/texmf/tex/latex/pgfCVS2009-06-02_TDS/tex/generic/pgf/b
asiclayer/pgfcorepathprocessing.code.tex
File: pgfcorepathprocessing.code.tex 2008/10/09  (rcs-revision 1.8)
)
(/Users/tvincent/Library/texmf/tex/latex/pgfCVS2009-06-02_TDS/tex/generic/pgf/b
asiclayer/pgfcorearrows.code.tex
File: pgfcorearrows.code.tex 2008/04/23  (rcs-revision 1.11)
)
(/Users/tvincent/Library/texmf/tex/latex/pgfCVS2009-06-02_TDS/tex/generic/pgf/b
asiclayer/pgfcoreshade.code.tex
File: pgfcoreshade.code.tex 2008/11/23  (rcs-revision 1.13)
\pgf@max=\dimen137
\pgf@sys@shading@range@num=\count98
)
(/Users/tvincent/Library/texmf/tex/latex/pgfCVS2009-06-02_TDS/tex/generic/pgf/b
asiclayer/pgfcoreimage.code.tex
File: pgfcoreimage.code.tex 2009/05/22  (rcs-revision 1.7)
\pgfexternal@startupbox=\box32
)
(/Users/tvincent/Library/texmf/tex/latex/pgfCVS2009-06-02_TDS/tex/generic/pgf/b
asiclayer/pgfcorelayers.code.tex
File: pgfcorelayers.code.tex 2008/01/15  (rcs-revision 1.1)
)
(/Users/tvincent/Library/texmf/tex/latex/pgfCVS2009-06-02_TDS/tex/generic/pgf/b
asiclayer/pgfcoretransparency.code.tex
File: pgfcoretransparency.code.tex 2008/01/17  (rcs-revision 1.2)
)
(/Users/tvincent/Library/texmf/tex/latex/pgfCVS2009-06-02_TDS/tex/generic/pgf/b
asiclayer/pgfcorepatterns.code.tex
File: pgfcorepatterns.code.tex 2008/03/19  (rcs-revision 1.2)
)))
(/Users/tvincent/Library/texmf/tex/latex/pgfCVS2009-06-02_TDS/tex/generic/pgf/m
odules/pgfmoduleshapes.code.tex
File: pgfmoduleshapes.code.tex 2009/03/20  (rcs-revision 1.7)
\pgfnodeparttextbox=\box33
)
(/Users/tvincent/Library/texmf/tex/latex/pgfCVS2009-06-02_TDS/tex/generic/pgf/m
odules/pgfmoduleplot.code.tex
File: pgfmoduleplot.code.tex 2008/09/27  (rcs-revision 1.2)
)
(/Users/tvincent/Library/texmf/tex/latex/pgfCVS2009-06-02_TDS/tex/latex/pgf/com
patibility/pgfcomp-version-0-65.sty
Package: pgfcomp-version-0-65 2007/07/03 v2.00-cvs (rcs-revision 1.7)
\pgf@nodesepstart=\dimen138
\pgf@nodesepend=\dimen139
)
(/Users/tvincent/Library/texmf/tex/latex/pgfCVS2009-06-02_TDS/tex/latex/pgf/com
patibility/pgfcomp-version-1-18.sty
Package: pgfcomp-version-1-18 2007/07/23 v2.00-cvs (rcs-revision 1.1)
))
(/Users/tvincent/Library/texmf/tex/latex/pgfCVS2009-06-02_TDS/tex/latex/pgf/uti
lities/pgffor.sty
(/Users/tvincent/Library/texmf/tex/latex/pgfCVS2009-06-02_TDS/tex/generic/pgf/u
tilities/pgffor.code.tex
Package: pgffor 2008/08/31 v2.00-cvs (rcs-revision 1.15)
\pgffor@iter=\dimen140
\pgffor@skip=\dimen141
))
(/Users/tvincent/Library/texmf/tex/latex/pgfCVS2009-06-02_TDS/tex/generic/pgf/f
rontendlayer/tikz/tikz.code.tex
Package: tikz 2009/03/22 v2.00-cvs (rcs-revision 1.62)

(/Users/tvincent/Library/texmf/tex/latex/pgfCVS2009-06-02_TDS/tex/generic/pgf/l
ibraries/pgflibraryplothandlers.code.tex
File: pgflibraryplothandlers.code.tex 2008/05/22 v2.00-cvs (rcs-revision 1.13)
\pgf@plot@mark@count=\count99
\pgfplotmarksize=\dimen142
)
\tikz@lastx=\dimen143
\tikz@lasty=\dimen144
\tikz@lastxsaved=\dimen145
\tikz@lastysaved=\dimen146
\tikzleveldistance=\dimen147
\tikzsiblingdistance=\dimen148
\tikz@figbox=\box34
\tikz@tempbox=\box35
\tikztreelevel=\count100
\tikznumberofchildren=\count101
\tikznumberofcurrentchild=\count102
\tikz@fig@count=\count103

(/Users/tvincent/Library/texmf/tex/latex/pgfCVS2009-06-02_TDS/tex/generic/pgf/m
odules/pgfmodulematrix.code.tex
File: pgfmodulematrix.code.tex 2008/11/24  (rcs-revision 1.3)
\pgfmatrixcurrentrow=\count104
\pgfmatrixcurrentcolumn=\count105
\pgf@matrix@numberofcolumns=\count106
)
\tikz@expandcount=\count107

(/Users/tvincent/Library/texmf/tex/latex/pgfCVS2009-06-02_TDS/tex/generic/pgf/f
rontendlayer/tikz/libraries/tikzlibrarytopaths.code.tex
File: tikzlibrarytopaths.code.tex 2008/06/17 v2.00-cvs (rcs-revision 1.2)
)))
(/Users/tvincent/Library/texmf/tex/latex/pgfCVS2009-06-02_TDS/tex/generic/pgf/f
rontendlayer/tikz/libraries/tikzlibraryarrows.code.tex
File: tikzlibraryarrows.code.tex 2008/01/09 v2.00-cvs (rcs-revision 1.1)

(/Users/tvincent/Library/texmf/tex/latex/pgfCVS2009-06-02_TDS/tex/generic/pgf/l
ibraries/pgflibraryarrows.code.tex
File: pgflibraryarrows.code.tex 2008/10/27 v2.00-cvs (rcs-revision 1.9)
\arrowsize=\dimen149
))
(/Users/tvincent/Library/texmf/tex/latex/pgfCVS2009-06-02_TDS/tex/generic/pgf/f
rontendlayer/tikz/libraries/circuits/tikzlibrarycircuits.ee.IEC.code.tex
(/Users/tvincent/Library/texmf/tex/latex/pgfCVS2009-06-02_TDS/tex/generic/pgf/f
rontendlayer/tikz/libraries/circuits/tikzlibrarycircuits.ee.code.tex
(/Users/tvincent/Library/texmf/tex/latex/pgfCVS2009-06-02_TDS/tex/generic/pgf/f
rontendlayer/tikz/libraries/circuits/tikzlibrarycircuits.code.tex
(/Users/tvincent/Library/texmf/tex/latex/pgfCVS2009-06-02_TDS/tex/generic/pgf/f
rontendlayer/tikz/libraries/tikzlibrarydecorations.markings.code.tex
(/Users/tvincent/Library/texmf/tex/latex/pgfCVS2009-06-02_TDS/tex/generic/pgf/f
rontendlayer/tikz/libraries/tikzlibrarydecorations.code.tex
(/Users/tvincent/Library/texmf/tex/latex/pgfCVS2009-06-02_TDS/tex/generic/pgf/m
odules/pgfmoduledecorations.code.tex
\pgfdecoratedcompleteddistance=\dimen150
\pgfdecoratedremainingdistance=\dimen151
\pgfdecoratedinputsegmentcompleteddistance=\dimen152
\pgfdecoratedinputsegmentremainingdistance=\dimen153
\pgf@decorate@distancetomove=\dimen154
\pgf@decorate@repeatstate=\count108
\pgfdecorationsegmentamplitude=\dimen155
\pgfdecorationsegmentlength=\dimen156
)
\tikz@lib@dec@box=\box36
)
(/Users/tvincent/Library/texmf/tex/latex/pgfCVS2009-06-02_TDS/tex/generic/pgf/l
ibraries/decorations/pgflibrarydecorations.markings.code.tex))
(/Users/tvincent/Library/texmf/tex/latex/pgfCVS2009-06-02_TDS/tex/generic/pgf/f
rontendlayer/tikz/libraries/tikzlibrarycalc.code.tex
File: tikzlibrarycalc.code.tex 2008/02/04 v2.00-cvs (rcs-revision 1.5)
)
\tikz@lib@circ@count=\count109
\tikzcircuitssizeunit=\dimen157
)
(/Users/tvincent/Library/texmf/tex/latex/pgfCVS2009-06-02_TDS/tex/generic/pgf/l
ibraries/shapes/circuits/pgflibraryshapes.gates.ee.code.tex))
(/Users/tvincent/Library/texmf/tex/latex/pgfCVS2009-06-02_TDS/tex/generic/pgf/l
ibraries/shapes/circuits/pgflibraryshapes.gates.ee.IEC.code.tex))
(/Users/tvincent/Library/texmf/tex/latex/pgfCVS2009-06-02_TDS/tex/generic/pgf/f
rontendlayer/tikz/libraries/tikzlibraryshapes.geometric.code.tex
File: tikzlibraryshapes.geometric.code.tex 2008/01/09 v2.00-cvs (rcs-revision 1
.1)

(/Users/tvincent/Library/texmf/tex/latex/pgfCVS2009-06-02_TDS/tex/generic/pgf/l
ibraries/shapes/pgflibraryshapes.geometric.code.tex
File: pgflibraryshapes.geometric.code.tex 2008/06/26 v2.00-cvs (rcs-revision 1.
1)
))
(/Users/tvincent/Library/texmf/tex/latex/pgfCVS2009-06-02_TDS/tex/generic/pgf/f
rontendlayer/tikz/libraries/tikzlibrarydecorations.pathreplacing.code.tex
(/Users/tvincent/Library/texmf/tex/latex/pgfCVS2009-06-02_TDS/tex/generic/pgf/l
ibraries/decorations/pgflibrarydecorations.pathreplacing.code.tex))
(/Users/tvincent/Library/texmf/tex/latex/pgfCVS2009-06-02_TDS/tex/generic/pgf/f
rontendlayer/tikz/libraries/tikzlibrarypatterns.code.tex
File: tikzlibrarypatterns.code.tex 2008/01/15 v2.00-cvs (rcs-revision 1.2)

(/Users/tvincent/Library/texmf/tex/latex/pgfCVS2009-06-02_TDS/tex/generic/pgf/l
ibraries/pgflibrarypatterns.code.tex
File: pgflibrarypatterns.code.tex 2008/03/03 v2.00-cvs (rcs-revision 1.13)
))
(/Users/tvincent/Library/texmf/tex/latex/pgfCVS2009-06-02_TDS/tex/generic/pgf/f
rontendlayer/tikz/libraries/tikzlibrarydecorations.pathmorphing.code.tex
(/Users/tvincent/Library/texmf/tex/latex/pgfCVS2009-06-02_TDS/tex/generic/pgf/l
ibraries/decorations/pgflibrarydecorations.pathmorphing.code.tex))
(./pictureplot.aux)
\openout1 = `pictureplot.aux'.

LaTeX Font Info:    Checking defaults for OML/cmm/m/it on input line 12.
LaTeX Font Info:    ... okay on input line 12.
LaTeX Font Info:    Checking defaults for T1/cmr/m/n on input line 12.
LaTeX Font Info:    ... okay on input line 12.
LaTeX Font Info:    Checking defaults for OT1/cmr/m/n on input line 12.
LaTeX Font Info:    ... okay on input line 12.
LaTeX Font Info:    Checking defaults for OMS/cmsy/m/n on input line 12.
LaTeX Font Info:    ... okay on input line 12.
LaTeX Font Info:    Checking defaults for OMX/cmex/m/n on input line 12.
LaTeX Font Info:    ... okay on input line 12.
LaTeX Font Info:    Checking defaults for U/cmr/m/n on input line 12.
LaTeX Font Info:    ... okay on input line 12.

Preview: Fontsize 10pt
Preview: PDFoutput 1
ABD: EveryShipout initializing macros
(/usr/local/texlive/2012/texmf-dist/tex/context/base/supp-pdf.mkii
[Loading MPS to PDF converter (version 2006.09.02).]
\scratchcounter=\count110
\scratchdimen=\dimen158
\scratchbox=\box37
\nofMPsegments=\count111
\nofMParguments=\count112
\everyMPshowfont=\toks23
\MPscratchCnt=\count113
\MPscratchDim=\dimen159
\MPnumerator=\count114
\makeMPintoPDFobject=\count115
\everyMPtoPDFconversion=\toks24
) (/usr/local/texlive/2012/texmf-dist/tex/generic/oberdiek/pdftexcmds.sty
Package: pdftexcmds 2011/11/29 v0.20 Utility functions of pdfTeX for LuaTeX (HO
)

(/usr/local/texlive/2012/texmf-dist/tex/generic/oberdiek/ifluatex.sty
Package: ifluatex 2010/03/01 v1.3 Provides the ifluatex switch (HO)
Package ifluatex Info: LuaTeX not detected.
)
(/usr/local/texlive/2012/texmf-dist/tex/generic/oberdiek/ifpdf.sty
Package: ifpdf 2011/01/30 v2.3 Provides the ifpdf switch (HO)
Package ifpdf Info: pdfTeX in PDF mode is detected.
)
Package pdftexcmds Info: LuaTeX not detected.
Package pdftexcmds Info: \pdf@primitive is available.
Package pdftexcmds Info: \pdf@ifprimitive is available.
Package pdftexcmds Info: \pdfdraftmode found.
)
(/usr/local/texlive/2012/texmf-dist/tex/latex/oberdiek/epstopdf-base.sty
Package: epstopdf-base 2010/02/09 v2.5 Base part for package epstopdf

(/usr/local/texlive/2012/texmf-dist/tex/latex/oberdiek/grfext.sty
Package: grfext 2010/08/19 v1.1 Manage graphics extensions (HO)

(/usr/local/texlive/2012/texmf-dist/tex/generic/oberdiek/kvdefinekeys.sty
Package: kvdefinekeys 2011/04/07 v1.3 Define keys (HO)
))
(/usr/local/texlive/2012/texmf-dist/tex/latex/oberdiek/kvoptions.sty
Package: kvoptions 2011/06/30 v3.11 Key value format for package options (HO)

(/usr/local/texlive/2012/texmf-dist/tex/generic/oberdiek/kvsetkeys.sty
Package: kvsetkeys 2012/04/25 v1.16 Key value parser (HO)

(/usr/local/texlive/2012/texmf-dist/tex/generic/oberdiek/etexcmds.sty
Package: etexcmds 2011/02/16 v1.5 Avoid name clashes with e-TeX commands (HO)
Package etexcmds Info: Could not find \expanded.
(etexcmds)             That can mean that you are not using pdfTeX 1.50 or
(etexcmds)             that some package has redefined \expanded.
(etexcmds)             In the latter case, load this package earlier.
)))
Package grfext Info: Graphics extension search list:
(grfext)             [.png,.pdf,.jpg,.mps,.jpeg,.jbig2,.jb2,.PNG,.PDF,.JPG,.JPE
G,.JBIG2,.JB2,.eps]
(grfext)             \AppendGraphicsExtensions on input line 452.

(/usr/local/texlive/2012/texmf-dist/tex/latex/latexconfig/epstopdf-sys.cfg
File: epstopdf-sys.cfg 2010/07/13 v1.3 Configuration of (r)epstopdf for TeX Liv
e
))
(./capacitor.tex
Preview: Tightpage -32891 -32891 32891 32891
[1]) (./pictureplot.aux) ) 
Here is how much of TeX's memory you used:
 11362 strings out of 493488
 242430 string characters out of 3141327
 282599 words of memory out of 3000000
 14430 multiletter control sequences out of 15000+200000
 3640 words of font info for 14 fonts, out of 3000000 for 9000
 957 hyphenation exceptions out of 8191
 56i,2n,81p,352b,361s stack positions out of 5000i,500n,10000p,200000b,50000s

Output written on pictureplot.pdf (1 page, 1124 bytes).
PDF statistics:
 11 PDF objects out of 1000 (max. 8388607)
 7 compressed objects within 1 object stream
 0 named destinations out of 1000 (max. 500000)
 13 words of extra memory for PDF output out of 10000 (max. 10000000)

